<?xml version="1.0" encoding="UTF-8"?>
<!-- Generated by org.testng.reporters.JUnitReportReporter -->
<testsuite hostname="Flemingo" failures="0" tests="1" name="webpage.CheckOutTest" time="65.401" errors="0" timestamp="2022-05-28T16:19:19 IST" skipped="0">
  <testcase classname="webpage.CheckOutTest" name="EcomExpert" time="65.401"/>
  <system-out/>
</testsuite> <!-- webpage.CheckOutTest -->
